-- The C compiler identification is GNU 9.4.0
-- The CXX compiler identification is GNU 9.4.0
-- Check for working C compiler: /usr/lib/ccache/cc
-- Check for working C compiler: /usr/lib/ccache/cc -- works
-- Detecting C compiler ABI info
-- Detecting C compiler ABI info - done
-- Detecting C compile features
-- Detecting C compile features - done
-- Check for working CXX compiler: /usr/lib/ccache/c++
-- Check for working CXX compiler: /usr/lib/ccache/c++ -- works
-- Detecting CXX compiler ABI info
-- Detecting CXX compiler ABI info - done
-- Detecting CXX compile features
-- Detecting CXX compile features - done
-- Found ament_cmake: 0.9.11 (/opt/ros/foxy/share/ament_cmake/cmake)
-- Found PythonInterp: /home/joaolehodey/miniconda3/bin/python3 (found suitable version "3.9.12", minimum required is "3") 
-- Using PYTHON_EXECUTABLE: /home/joaolehodey/miniconda3/bin/python3
-- Found sensor_msgs: 2.0.5 (/opt/ros/foxy/share/sensor_msgs/cmake)
-- Using all available rosidl_typesupport_c: rosidl_typesupport_fastrtps_c;rosidl_typesupport_introspection_c
-- Found rosidl_adapter: 1.3.0 (/opt/ros/foxy/share/rosidl_adapter/cmake)
-- Found OpenSSL: /usr/lib/x86_64-linux-gnu/libcrypto.so (found version "1.1.1f")  
-- Found FastRTPS: /opt/ros/foxy/include  
-- Using all available rosidl_typesupport_cpp: rosidl_typesupport_fastrtps_cpp;rosidl_typesupport_introspection_cpp
-- Found rclcpp: 2.4.2 (/opt/ros/foxy/share/rclcpp/cmake)
-- Found rmw_implementation_cmake: 1.0.4 (/opt/ros/foxy/share/rmw_implementation_cmake/cmake)
-- Using RMW implementation 'rmw_fastrtps_cpp' as default
-- Looking for pthread.h
-- Looking for pthread.h - found
-- Performing Test CMAKE_HAVE_LIBC_PTHREAD
-- Performing Test CMAKE_HAVE_LIBC_PTHREAD - Failed
-- Looking for pthread_create in pthreads
-- Looking for pthread_create in pthreads - not found
-- Looking for pthread_create in pthread
-- Looking for pthread_create in pthread - found
-- Found Threads: TRUE  
-- Found glassy_interfaces: 0.0.0 (/home/joaolehodey/glassy_ws/install/glassy_interfaces/share/glassy_interfaces/cmake)
-- Found ament_lint_auto: 0.9.8 (/opt/ros/foxy/share/ament_lint_auto/cmake)
-- Added test 'copyright' to check source files copyright and LICENSE
-- Added test 'cppcheck' to perform static code analysis on C / C++ code
-- Configured cppcheck include dirs: /home/joaolehodey/glassy_ws/src/glassy_manual_control/glassy_joy_control/src/joy_ctrl_node
-- Configured cppcheck exclude dirs and/or files: 
-- Added test 'cpplint' to check C / C++ code against the Google style
-- Configured cpplint exclude dirs and/or files: 
-- Added test 'lint_cmake' to check CMake code style
-- Added test 'uncrustify' to check C / C++ code style
-- Configured uncrustify additional arguments: 
-- Added test 'xmllint' to check XML markup files
-- Configuring done
-- Generating done
-- Build files have been written to: /home/joaolehodey/glassy_ws/src/glassy_manual_control/glassy_joy_control/build/glassy_joystick
[35m[1mScanning dependencies of target glassy_joystick[0m
[ 66%] [32mBuilding CXX object CMakeFiles/glassy_joystick.dir/src/glassy_joystick_main.cpp.o[0m
[ 66%] [32mBuilding CXX object CMakeFiles/glassy_joystick.dir/src/joy_ctrl_node/JoyControlNode.cpp.o[0m
/home/joaolehodey/glassy_ws/src/glassy_manual_control/glassy_joy_control/src/joy_ctrl_node/JoyControlNode.cpp: In member function ‘void JoyControlNode::direct_actuator_publish(float, float)’:
/home/joaolehodey/glassy_ws/src/glassy_manual_control/glassy_joy_control/src/joy_ctrl_node/JoyControlNode.cpp:23:52: warning: unused parameter ‘thrust’ [-Wunused-parameter]
   23 | void JoyControlNode::direct_actuator_publish(float thrust, float rudder){
      |                                              ~~~~~~^~~~~~
/home/joaolehodey/glassy_ws/src/glassy_manual_control/glassy_joy_control/src/joy_ctrl_node/JoyControlNode.cpp:23:66: warning: unused parameter ‘rudder’ [-Wunused-parameter]
   23 | void JoyControlNode::direct_actuator_publish(float thrust, float rudder){
      |                                                            ~~~~~~^~~~~~
/home/joaolehodey/glassy_ws/src/glassy_manual_control/glassy_joy_control/src/joy_ctrl_node/JoyControlNode.cpp: In member function ‘void JoyControlNode::joystick_subscription_callback(sensor_msgs::msg::Joy_<std::allocator<void> >::SharedPtr)’:
/home/joaolehodey/glassy_ws/src/glassy_manual_control/glassy_joy_control/src/joy_ctrl_node/JoyControlNode.cpp:31:9: warning: unused variable ‘thrust_axis_index’ [-Wunused-variable]
   31 |     int thrust_axis_index = 1;
      |         ^~~~~~~~~~~~~~~~~
/home/joaolehodey/glassy_ws/src/glassy_manual_control/glassy_joy_control/src/joy_ctrl_node/JoyControlNode.cpp:32:9: warning: unused variable ‘rudder_axis_index’ [-Wunused-variable]
   32 |     int rudder_axis_index = 2;
      |         ^~~~~~~~~~~~~~~~~
/home/joaolehodey/glassy_ws/src/glassy_manual_control/glassy_joy_control/src/joy_ctrl_node/JoyControlNode.cpp:33:9: warning: unused variable ‘arm_button_index’ [-Wunused-variable]
   33 |     int arm_button_index = 10;
      |         ^~~~~~~~~~~~~~~~
/home/joaolehodey/glassy_ws/src/glassy_manual_control/glassy_joy_control/src/joy_ctrl_node/JoyControlNode.cpp:34:9: warning: unused variable ‘disarm_button_index’ [-Wunused-variable]
   34 |     int disarm_button_index = 9;
      |         ^~~~~~~~~~~~~~~~~~~
/home/joaolehodey/glassy_ws/src/glassy_manual_control/glassy_joy_control/src/joy_ctrl_node/JoyControlNode.cpp:29:92: warning: unused parameter ‘msg’ [-Wunused-parameter]
   29 | void JoyControlNode::joystick_subscription_callback(const sensor_msgs::msg::Joy::SharedPtr msg){
      |                                                     ~~~~~~~~~~~~~~~~~~~~~~~~~~~~~~~~~~~~~~~^~~
[100%] [32m[1mLinking CXX executable glassy_joystick[0m
[100%] Built target glassy_joystick
-- Install configuration: ""
-- Installing: /home/joaolehodey/glassy_ws/src/glassy_manual_control/glassy_joy_control/install/glassy_joystick/lib/glassy_joystick/glassy_joystick
-- Set runtime path of "/home/joaolehodey/glassy_ws/src/glassy_manual_control/glassy_joy_control/install/glassy_joystick/lib/glassy_joystick/glassy_joystick" to ""
-- Installing: /home/joaolehodey/glassy_ws/src/glassy_manual_control/glassy_joy_control/install/glassy_joystick/share/ament_index/resource_index/package_run_dependencies/glassy_joystick
-- Installing: /home/joaolehodey/glassy_ws/src/glassy_manual_control/glassy_joy_control/install/glassy_joystick/share/ament_index/resource_index/parent_prefix_path/glassy_joystick
-- Installing: /home/joaolehodey/glassy_ws/src/glassy_manual_control/glassy_joy_control/install/glassy_joystick/share/glassy_joystick/environment/ament_prefix_path.sh
-- Installing: /home/joaolehodey/glassy_ws/src/glassy_manual_control/glassy_joy_control/install/glassy_joystick/share/glassy_joystick/environment/ament_prefix_path.dsv
-- Installing: /home/joaolehodey/glassy_ws/src/glassy_manual_control/glassy_joy_control/install/glassy_joystick/share/glassy_joystick/environment/path.sh
-- Installing: /home/joaolehodey/glassy_ws/src/glassy_manual_control/glassy_joy_control/install/glassy_joystick/share/glassy_joystick/environment/path.dsv
-- Installing: /home/joaolehodey/glassy_ws/src/glassy_manual_control/glassy_joy_control/install/glassy_joystick/share/glassy_joystick/local_setup.bash
-- Installing: /home/joaolehodey/glassy_ws/src/glassy_manual_control/glassy_joy_control/install/glassy_joystick/share/glassy_joystick/local_setup.sh
-- Installing: /home/joaolehodey/glassy_ws/src/glassy_manual_control/glassy_joy_control/install/glassy_joystick/share/glassy_joystick/local_setup.zsh
-- Installing: /home/joaolehodey/glassy_ws/src/glassy_manual_control/glassy_joy_control/install/glassy_joystick/share/glassy_joystick/local_setup.dsv
-- Installing: /home/joaolehodey/glassy_ws/src/glassy_manual_control/glassy_joy_control/install/glassy_joystick/share/glassy_joystick/package.dsv
-- Installing: /home/joaolehodey/glassy_ws/src/glassy_manual_control/glassy_joy_control/install/glassy_joystick/share/ament_index/resource_index/packages/glassy_joystick
-- Installing: /home/joaolehodey/glassy_ws/src/glassy_manual_control/glassy_joy_control/install/glassy_joystick/share/glassy_joystick/cmake/glassy_joystickConfig.cmake
-- Installing: /home/joaolehodey/glassy_ws/src/glassy_manual_control/glassy_joy_control/install/glassy_joystick/share/glassy_joystick/cmake/glassy_joystickConfig-version.cmake
-- Installing: /home/joaolehodey/glassy_ws/src/glassy_manual_control/glassy_joy_control/install/glassy_joystick/share/glassy_joystick/package.xml
