[0.647s] DEBUG:colcon:Command line arguments: ['/usr/bin/colcon', 'build']
[0.647s] DEBUG:colcon:Parsed command line arguments: Namespace(allow_overriding=[], ament_cmake_args=None, base_paths=['.'], build_base='build', catkin_cmake_args=None, catkin_skip_building_tests=False, cmake_args=None, cmake_clean_cache=False, cmake_clean_first=False, cmake_force_configure=False, cmake_target=None, cmake_target_skip_unavailable=False, continue_on_error=False, event_handlers=None, executor='parallel', ignore_user_meta=False, install_base='install', log_base=None, log_level=None, main=<bound method BuildVerb.main of <colcon_core.verb.build.BuildVerb object at 0x7fba87591820>>, merge_install=False, metas=['./colcon.meta'], packages_above=None, packages_above_and_dependencies=None, packages_above_depth=None, packages_end=None, packages_ignore=None, packages_ignore_regex=None, packages_select=None, packages_select_build_failed=False, packages_select_by_dep=None, packages_select_regex=None, packages_select_test_failures=False, packages_skip=None, packages_skip_build_finished=False, packages_skip_by_dep=None, packages_skip_regex=None, packages_skip_test_passed=False, packages_skip_up_to=None, packages_start=None, packages_up_to=None, packages_up_to_regex=None, parallel_workers=8, paths=None, symlink_install=False, test_result_base=None, verb_extension=<colcon_core.verb.build.BuildVerb object at 0x7fba87591820>, verb_name='build', verb_parser=<colcon_defaults.argument_parser.defaults.DefaultArgumentsDecorator object at 0x7fba87591d90>)
[0.692s] Level 1:colcon.colcon_core.package_discovery:discover_packages(colcon_meta) check parameters
[0.693s] Level 1:colcon.colcon_core.package_discovery:discover_packages(recursive) check parameters
[0.693s] Level 1:colcon.colcon_core.package_discovery:discover_packages(ignore) check parameters
[0.693s] Level 1:colcon.colcon_core.package_discovery:discover_packages(path) check parameters
[0.693s] Level 1:colcon.colcon_core.package_discovery:discover_packages(colcon_meta) discover
[0.693s] Level 1:colcon.colcon_core.package_discovery:discover_packages(recursive) discover
[0.693s] INFO:colcon.colcon_core.package_discovery:Crawling recursively for packages in '/home/joaolehodey/glassy_ws/src/glassy_manual_control/glassy_joy_control'
[0.693s] Level 1:colcon.colcon_core.package_identification:_identify(.) by extensions ['ignore', 'ignore_ament_install']
[0.693s] Level 1:colcon.colcon_core.package_identification:_identify(.) by extension 'ignore'
[0.693s] Level 1:colcon.colcon_core.package_identification:_identify(.) by extension 'ignore_ament_install'
[0.693s] Level 1:colcon.colcon_core.package_identification:_identify(.) by extensions ['colcon_pkg']
[0.693s] Level 1:colcon.colcon_core.package_identification:_identify(.) by extension 'colcon_pkg'
[0.693s] Level 1:colcon.colcon_core.package_identification:_identify(.) by extensions ['colcon_meta']
[0.693s] Level 1:colcon.colcon_core.package_identification:_identify(.) by extension 'colcon_meta'
[0.693s] Level 1:colcon.colcon_core.package_identification:_identify(.) by extensions ['ros']
[0.693s] Level 1:colcon.colcon_core.package_identification:_identify(.) by extension 'ros'
[0.711s] DEBUG:colcon.colcon_core.package_identification:Package '.' with type 'ros.ament_cmake' and name 'glassy_joystick'
[0.711s] Level 1:colcon.colcon_core.package_discovery:discover_packages(recursive) using defaults
[0.711s] Level 1:colcon.colcon_core.package_discovery:discover_packages(ignore) discover
[0.711s] Level 1:colcon.colcon_core.package_discovery:discover_packages(ignore) using defaults
[0.711s] Level 1:colcon.colcon_core.package_discovery:discover_packages(path) discover
[0.711s] Level 1:colcon.colcon_core.package_discovery:discover_packages(path) using defaults
[0.742s] Level 1:colcon.colcon_core.package_discovery:discover_packages(prefix_path) check parameters
[0.742s] Level 1:colcon.colcon_core.package_discovery:discover_packages(prefix_path) discover
[0.749s] DEBUG:colcon.colcon_installed_package_information.package_discovery:Found 5 installed packages in /home/joaolehodey/glassy_ws/install
[0.751s] DEBUG:colcon.colcon_installed_package_information.package_discovery:Found 262 installed packages in /opt/ros/foxy
[0.754s] Level 1:colcon.colcon_core.package_discovery:discover_packages(prefix_path) using defaults
[0.865s] Level 5:colcon.colcon_core.verb:set package 'glassy_joystick' build argument 'cmake_args' from command line to 'None'
[0.865s] Level 5:colcon.colcon_core.verb:set package 'glassy_joystick' build argument 'cmake_target' from command line to 'None'
[0.865s] Level 5:colcon.colcon_core.verb:set package 'glassy_joystick' build argument 'cmake_target_skip_unavailable' from command line to 'False'
[0.865s] Level 5:colcon.colcon_core.verb:set package 'glassy_joystick' build argument 'cmake_clean_cache' from command line to 'False'
[0.865s] Level 5:colcon.colcon_core.verb:set package 'glassy_joystick' build argument 'cmake_clean_first' from command line to 'False'
[0.865s] Level 5:colcon.colcon_core.verb:set package 'glassy_joystick' build argument 'cmake_force_configure' from command line to 'False'
[0.865s] Level 5:colcon.colcon_core.verb:set package 'glassy_joystick' build argument 'ament_cmake_args' from command line to 'None'
[0.865s] Level 5:colcon.colcon_core.verb:set package 'glassy_joystick' build argument 'catkin_cmake_args' from command line to 'None'
[0.865s] Level 5:colcon.colcon_core.verb:set package 'glassy_joystick' build argument 'catkin_skip_building_tests' from command line to 'False'
[0.865s] DEBUG:colcon.colcon_core.verb:Building package 'glassy_joystick' with the following arguments: {'ament_cmake_args': None, 'build_base': '/home/joaolehodey/glassy_ws/src/glassy_manual_control/glassy_joy_control/build/glassy_joystick', 'catkin_cmake_args': None, 'catkin_skip_building_tests': False, 'cmake_args': None, 'cmake_clean_cache': False, 'cmake_clean_first': False, 'cmake_force_configure': False, 'cmake_target': None, 'cmake_target_skip_unavailable': False, 'install_base': '/home/joaolehodey/glassy_ws/src/glassy_manual_control/glassy_joy_control/install/glassy_joystick', 'merge_install': False, 'path': '/home/joaolehodey/glassy_ws/src/glassy_manual_control/glassy_joy_control', 'symlink_install': False, 'test_result_base': None}
[0.867s] INFO:colcon.colcon_core.executor:Executing jobs using 'parallel' executor
[0.874s] DEBUG:colcon.colcon_parallel_executor.executor.parallel:run_until_complete
[0.874s] INFO:colcon.colcon_ros.task.ament_cmake.build:Building ROS package in '/home/joaolehodey/glassy_ws/src/glassy_manual_control/glassy_joy_control' with build type 'ament_cmake'
[0.874s] INFO:colcon.colcon_cmake.task.cmake.build:Building CMake package in '/home/joaolehodey/glassy_ws/src/glassy_manual_control/glassy_joy_control'
[0.882s] INFO:colcon.colcon_core.plugin_system:Skipping extension 'colcon_core.shell.bat': Not used on non-Windows systems
[0.882s] INFO:colcon.colcon_core.shell:Skip shell extension 'powershell' for command environment: Not usable outside of PowerShell
[0.882s] DEBUG:colcon.colcon_core.shell:Skip shell extension 'dsv' for command environment
[0.892s] DEBUG:colcon.colcon_core.shell:Ignoring prefix path '/opt/ros/noetic'
[0.900s] DEBUG:colcon.colcon_core.event_handler.log_command:Invoking command in '/home/joaolehodey/glassy_ws/src/glassy_manual_control/glassy_joy_control/build/glassy_joystick': CMAKE_PREFIX_PATH=/home/joaolehodey/glassy_ws/install/glassy_simulation:/home/joaolehodey/glassy_ws/install/glassy_main:/home/joaolehodey/glassy_ws/install/glassy_joystick:/home/joaolehodey/glassy_ws/install/glassy_interfaces:/home/joaolehodey/glassy_ws/install/joystick_ros2:/opt/ros/foxy:/opt/ros/noetic CONDA_PROMPT_MODIFIER=(base) /usr/bin/cmake /home/joaolehodey/glassy_ws/src/glassy_manual_control/glassy_joy_control -DCMAKE_INSTALL_PREFIX=/home/joaolehodey/glassy_ws/src/glassy_manual_control/glassy_joy_control/install/glassy_joystick
[3.523s] DEBUG:colcon.colcon_core.event_handler.log_command:Invoked command in '/home/joaolehodey/glassy_ws/src/glassy_manual_control/glassy_joy_control/build/glassy_joystick' returned '0': CMAKE_PREFIX_PATH=/home/joaolehodey/glassy_ws/install/glassy_simulation:/home/joaolehodey/glassy_ws/install/glassy_main:/home/joaolehodey/glassy_ws/install/glassy_joystick:/home/joaolehodey/glassy_ws/install/glassy_interfaces:/home/joaolehodey/glassy_ws/install/joystick_ros2:/opt/ros/foxy:/opt/ros/noetic CONDA_PROMPT_MODIFIER=(base) /usr/bin/cmake /home/joaolehodey/glassy_ws/src/glassy_manual_control/glassy_joy_control -DCMAKE_INSTALL_PREFIX=/home/joaolehodey/glassy_ws/src/glassy_manual_control/glassy_joy_control/install/glassy_joystick
[3.527s] DEBUG:colcon.colcon_core.event_handler.log_command:Invoking command in '/home/joaolehodey/glassy_ws/src/glassy_manual_control/glassy_joy_control/build/glassy_joystick': CMAKE_PREFIX_PATH=/home/joaolehodey/glassy_ws/install/glassy_simulation:/home/joaolehodey/glassy_ws/install/glassy_main:/home/joaolehodey/glassy_ws/install/glassy_joystick:/home/joaolehodey/glassy_ws/install/glassy_interfaces:/home/joaolehodey/glassy_ws/install/joystick_ros2:/opt/ros/foxy:/opt/ros/noetic CONDA_PROMPT_MODIFIER=(base) /usr/bin/cmake --build /home/joaolehodey/glassy_ws/src/glassy_manual_control/glassy_joy_control/build/glassy_joystick -- -j8 -l8
[4.283s] DEBUG:colcon.colcon_core.event_handler.log_command:Invoked command in '/home/joaolehodey/glassy_ws/src/glassy_manual_control/glassy_joy_control/build/glassy_joystick' returned '0': CMAKE_PREFIX_PATH=/home/joaolehodey/glassy_ws/install/glassy_simulation:/home/joaolehodey/glassy_ws/install/glassy_main:/home/joaolehodey/glassy_ws/install/glassy_joystick:/home/joaolehodey/glassy_ws/install/glassy_interfaces:/home/joaolehodey/glassy_ws/install/joystick_ros2:/opt/ros/foxy:/opt/ros/noetic CONDA_PROMPT_MODIFIER=(base) /usr/bin/cmake --build /home/joaolehodey/glassy_ws/src/glassy_manual_control/glassy_joy_control/build/glassy_joystick -- -j8 -l8
[4.333s] DEBUG:colcon.colcon_core.event_handler.log_command:Invoking command in '/home/joaolehodey/glassy_ws/src/glassy_manual_control/glassy_joy_control/build/glassy_joystick': CMAKE_PREFIX_PATH=/home/joaolehodey/glassy_ws/install/glassy_simulation:/home/joaolehodey/glassy_ws/install/glassy_main:/home/joaolehodey/glassy_ws/install/glassy_joystick:/home/joaolehodey/glassy_ws/install/glassy_interfaces:/home/joaolehodey/glassy_ws/install/joystick_ros2:/opt/ros/foxy:/opt/ros/noetic CONDA_PROMPT_MODIFIER=(base) /usr/bin/cmake --install /home/joaolehodey/glassy_ws/src/glassy_manual_control/glassy_joy_control/build/glassy_joystick
[4.351s] Level 1:colcon.colcon_core.environment:create_environment_scripts_only(glassy_joystick)
[4.352s] DEBUG:colcon.colcon_core.event_handler.log_command:Invoked command in '/home/joaolehodey/glassy_ws/src/glassy_manual_control/glassy_joy_control/build/glassy_joystick' returned '0': CMAKE_PREFIX_PATH=/home/joaolehodey/glassy_ws/install/glassy_simulation:/home/joaolehodey/glassy_ws/install/glassy_main:/home/joaolehodey/glassy_ws/install/glassy_joystick:/home/joaolehodey/glassy_ws/install/glassy_interfaces:/home/joaolehodey/glassy_ws/install/joystick_ros2:/opt/ros/foxy:/opt/ros/noetic CONDA_PROMPT_MODIFIER=(base) /usr/bin/cmake --install /home/joaolehodey/glassy_ws/src/glassy_manual_control/glassy_joy_control/build/glassy_joystick
[4.363s] Level 1:colcon.colcon_core.environment:checking '/home/joaolehodey/glassy_ws/src/glassy_manual_control/glassy_joy_control/install/glassy_joystick' for CMake module files
[4.364s] Level 1:colcon.colcon_core.environment:checking '/home/joaolehodey/glassy_ws/src/glassy_manual_control/glassy_joy_control/install/glassy_joystick' for CMake config files
[4.364s] Level 1:colcon.colcon_core.shell:create_environment_hook('glassy_joystick', 'cmake_prefix_path')
[4.368s] INFO:colcon.colcon_core.shell:Creating environment hook '/home/joaolehodey/glassy_ws/src/glassy_manual_control/glassy_joy_control/install/glassy_joystick/share/glassy_joystick/hook/cmake_prefix_path.ps1'
[4.370s] INFO:colcon.colcon_core.shell:Creating environment descriptor '/home/joaolehodey/glassy_ws/src/glassy_manual_control/glassy_joy_control/install/glassy_joystick/share/glassy_joystick/hook/cmake_prefix_path.dsv'
[4.370s] INFO:colcon.colcon_core.shell:Creating environment hook '/home/joaolehodey/glassy_ws/src/glassy_manual_control/glassy_joy_control/install/glassy_joystick/share/glassy_joystick/hook/cmake_prefix_path.sh'
[4.371s] Level 1:colcon.colcon_core.environment:checking '/home/joaolehodey/glassy_ws/src/glassy_manual_control/glassy_joy_control/install/glassy_joystick/lib'
[4.372s] Level 1:colcon.colcon_core.environment:checking '/home/joaolehodey/glassy_ws/src/glassy_manual_control/glassy_joy_control/install/glassy_joystick/bin'
[4.372s] Level 1:colcon.colcon_core.environment:checking '/home/joaolehodey/glassy_ws/src/glassy_manual_control/glassy_joy_control/install/glassy_joystick/lib/pkgconfig/glassy_joystick.pc'
[4.372s] Level 1:colcon.colcon_core.environment:checking '/home/joaolehodey/glassy_ws/src/glassy_manual_control/glassy_joy_control/install/glassy_joystick/lib/python3.8/site-packages'
[4.372s] Level 1:colcon.colcon_core.environment:checking '/home/joaolehodey/glassy_ws/src/glassy_manual_control/glassy_joy_control/install/glassy_joystick/bin'
[4.376s] INFO:colcon.colcon_core.shell:Creating package script '/home/joaolehodey/glassy_ws/src/glassy_manual_control/glassy_joy_control/install/glassy_joystick/share/glassy_joystick/package.ps1'
[4.377s] INFO:colcon.colcon_core.shell:Creating package descriptor '/home/joaolehodey/glassy_ws/src/glassy_manual_control/glassy_joy_control/install/glassy_joystick/share/glassy_joystick/package.dsv'
[4.378s] INFO:colcon.colcon_core.shell:Creating package script '/home/joaolehodey/glassy_ws/src/glassy_manual_control/glassy_joy_control/install/glassy_joystick/share/glassy_joystick/package.sh'
[4.378s] INFO:colcon.colcon_core.shell:Creating package script '/home/joaolehodey/glassy_ws/src/glassy_manual_control/glassy_joy_control/install/glassy_joystick/share/glassy_joystick/package.bash'
[4.379s] INFO:colcon.colcon_core.shell:Creating package script '/home/joaolehodey/glassy_ws/src/glassy_manual_control/glassy_joy_control/install/glassy_joystick/share/glassy_joystick/package.zsh'
[4.380s] Level 1:colcon.colcon_core.environment:create_file_with_runtime_dependencies(/home/joaolehodey/glassy_ws/src/glassy_manual_control/glassy_joy_control/install/glassy_joystick/share/colcon-core/packages/glassy_joystick)
[4.428s] Level 1:colcon.colcon_core.environment:create_environment_scripts_only(glassy_joystick)
[4.438s] Level 1:colcon.colcon_core.environment:checking '/home/joaolehodey/glassy_ws/src/glassy_manual_control/glassy_joy_control/install/glassy_joystick' for CMake module files
[4.439s] Level 1:colcon.colcon_core.environment:checking '/home/joaolehodey/glassy_ws/src/glassy_manual_control/glassy_joy_control/install/glassy_joystick' for CMake config files
[4.439s] Level 1:colcon.colcon_core.shell:create_environment_hook('glassy_joystick', 'cmake_prefix_path')
[4.446s] INFO:colcon.colcon_core.shell:Creating environment hook '/home/joaolehodey/glassy_ws/src/glassy_manual_control/glassy_joy_control/install/glassy_joystick/share/glassy_joystick/hook/cmake_prefix_path.ps1'
[4.447s] INFO:colcon.colcon_core.shell:Creating environment descriptor '/home/joaolehodey/glassy_ws/src/glassy_manual_control/glassy_joy_control/install/glassy_joystick/share/glassy_joystick/hook/cmake_prefix_path.dsv'
[4.448s] INFO:colcon.colcon_core.shell:Creating environment hook '/home/joaolehodey/glassy_ws/src/glassy_manual_control/glassy_joy_control/install/glassy_joystick/share/glassy_joystick/hook/cmake_prefix_path.sh'
[4.449s] Level 1:colcon.colcon_core.environment:checking '/home/joaolehodey/glassy_ws/src/glassy_manual_control/glassy_joy_control/install/glassy_joystick/lib'
[4.449s] Level 1:colcon.colcon_core.environment:checking '/home/joaolehodey/glassy_ws/src/glassy_manual_control/glassy_joy_control/install/glassy_joystick/bin'
[4.449s] Level 1:colcon.colcon_core.environment:checking '/home/joaolehodey/glassy_ws/src/glassy_manual_control/glassy_joy_control/install/glassy_joystick/lib/pkgconfig/glassy_joystick.pc'
[4.449s] Level 1:colcon.colcon_core.environment:checking '/home/joaolehodey/glassy_ws/src/glassy_manual_control/glassy_joy_control/install/glassy_joystick/lib/python3.8/site-packages'
[4.450s] Level 1:colcon.colcon_core.environment:checking '/home/joaolehodey/glassy_ws/src/glassy_manual_control/glassy_joy_control/install/glassy_joystick/bin'
[4.456s] INFO:colcon.colcon_core.shell:Creating package script '/home/joaolehodey/glassy_ws/src/glassy_manual_control/glassy_joy_control/install/glassy_joystick/share/glassy_joystick/package.ps1'
[4.457s] INFO:colcon.colcon_core.shell:Creating package descriptor '/home/joaolehodey/glassy_ws/src/glassy_manual_control/glassy_joy_control/install/glassy_joystick/share/glassy_joystick/package.dsv'
[4.458s] INFO:colcon.colcon_core.shell:Creating package script '/home/joaolehodey/glassy_ws/src/glassy_manual_control/glassy_joy_control/install/glassy_joystick/share/glassy_joystick/package.sh'
[4.458s] INFO:colcon.colcon_core.shell:Creating package script '/home/joaolehodey/glassy_ws/src/glassy_manual_control/glassy_joy_control/install/glassy_joystick/share/glassy_joystick/package.bash'
[4.459s] INFO:colcon.colcon_core.shell:Creating package script '/home/joaolehodey/glassy_ws/src/glassy_manual_control/glassy_joy_control/install/glassy_joystick/share/glassy_joystick/package.zsh'
[4.460s] Level 1:colcon.colcon_core.environment:create_file_with_runtime_dependencies(/home/joaolehodey/glassy_ws/src/glassy_manual_control/glassy_joy_control/install/glassy_joystick/share/colcon-core/packages/glassy_joystick)
[4.460s] DEBUG:colcon.colcon_parallel_executor.executor.parallel:closing loop
[4.460s] DEBUG:colcon.colcon_parallel_executor.executor.parallel:loop closed
[4.460s] DEBUG:colcon.colcon_parallel_executor.executor.parallel:run_until_complete finished with '0'
[4.461s] DEBUG:colcon.colcon_core.event_reactor:joining thread
[4.471s] INFO:colcon.colcon_core.plugin_system:Skipping extension 'colcon_notification.desktop_notification.terminal_notifier': Not used on non-Darwin systems
[4.471s] INFO:colcon.colcon_core.plugin_system:Skipping extension 'colcon_notification.desktop_notification.win32': Not used on non-Windows systems
[4.471s] INFO:colcon.colcon_notification.desktop_notification:Sending desktop notification using 'notify2'
[4.491s] DEBUG:colcon.colcon_core.event_reactor:joined thread
[4.498s] INFO:colcon.colcon_core.shell:Creating prefix script '/home/joaolehodey/glassy_ws/src/glassy_manual_control/glassy_joy_control/install/local_setup.ps1'
[4.500s] INFO:colcon.colcon_core.shell:Creating prefix util module '/home/joaolehodey/glassy_ws/src/glassy_manual_control/glassy_joy_control/install/_local_setup_util_ps1.py'
[4.503s] INFO:colcon.colcon_core.shell:Creating prefix chain script '/home/joaolehodey/glassy_ws/src/glassy_manual_control/glassy_joy_control/install/setup.ps1'
[4.507s] INFO:colcon.colcon_core.shell:Creating prefix script '/home/joaolehodey/glassy_ws/src/glassy_manual_control/glassy_joy_control/install/local_setup.sh'
[4.508s] INFO:colcon.colcon_core.shell:Creating prefix util module '/home/joaolehodey/glassy_ws/src/glassy_manual_control/glassy_joy_control/install/_local_setup_util_sh.py'
[4.509s] INFO:colcon.colcon_core.shell:Creating prefix chain script '/home/joaolehodey/glassy_ws/src/glassy_manual_control/glassy_joy_control/install/setup.sh'
[4.513s] INFO:colcon.colcon_core.shell:Creating prefix script '/home/joaolehodey/glassy_ws/src/glassy_manual_control/glassy_joy_control/install/local_setup.bash'
[4.514s] INFO:colcon.colcon_core.shell:Creating prefix chain script '/home/joaolehodey/glassy_ws/src/glassy_manual_control/glassy_joy_control/install/setup.bash'
[4.519s] INFO:colcon.colcon_core.shell:Creating prefix script '/home/joaolehodey/glassy_ws/src/glassy_manual_control/glassy_joy_control/install/local_setup.zsh'
[4.520s] INFO:colcon.colcon_core.shell:Creating prefix chain script '/home/joaolehodey/glassy_ws/src/glassy_manual_control/glassy_joy_control/install/setup.zsh'
